C51 COMPILER V9.53.0.0   INITDEVICE                                                        04/20/2017 20:03:36 PAGE 1   


C51 COMPILER V9.53.0.0, COMPILATION OF MODULE INITDEVICE
OBJECT MODULE PLACED IN .\src\InitDevice.OBJ
COMPILER INVOKED BY: c:\SiliconLabs\SimplicityStudio\v4\developer\toolchains\keil_8051\9.53\BIN\C51.exe C:\SiliconLabs\S
                    -implicityStudio\v4\developer\sdks\8051\v4.0.3\examples\EFM8BB1_SLSTK2020A\ADC\ExternalInput\src\InitDevice.c OMF2 SMALL 
                    -DEBUG OBJECTEXTEND ROM(LARGE) WARNINGLEVEL(2) FLOATFUZZY(3) OPTIMIZE(8,SPEED) DEFINE(DEBUG=1) INTVECTOR(0X0000) INTPROMO
                    -TE INCDIR(C:\SiliconLabs\SimplicityStudio\v4\developer\sdks\8051\v4.0.3\examples\EFM8BB1_SLSTK2020A\ADC\ExternalInput\in
                    -c;C:/SiliconLabs/SimplicityStudio/v4/developer/sdks/8051/v4.0.3//kits/common/drivers/efm8_retargetserial;C:/SiliconLabs/
                    -SimplicityStudio/v4/developer/sdks/8051/v4.0.3//Device/shared/si8051base;C:/SiliconLabs/SimplicityStudio/v4/developer/sd
                    -ks/8051/v4.0.3//Device/EFM8BB1/inc) PRINT(.\src\InitDevice.lst) COND PAGEWIDTH(120) PAGELENGTH(65) OBJECT(.\src\InitDevi
                    -ce.OBJ)

line level    source

   1          //=========================================================
   2          // src/InitDevice.c: generated by Hardware Configurator
   3          //
   4          // This file will be regenerated when saving a document.
   5          // leave the sections inside the "$[...]" comment tags alone
   6          // or they will be overwritten!
   7          //=========================================================
   8          
   9          // USER INCLUDES
  10          #include <SI_EFM8BB1_Register_Enums.h>
  11          #include "InitDevice.h"
  12          
  13          // USER PROTOTYPES
  14          // USER FUNCTIONS
  15          
  16          // $[Library Includes]
  17          // [Library Includes]$
  18          
  19          //==============================================================================
  20          // enter_DefaultMode_from_RESET
  21          //==============================================================================
  22          extern void enter_DefaultMode_from_RESET(void) {
  23   1              // $[Config Calls]
  24   1              WDT_0_enter_DefaultMode_from_RESET();
  25   1              PORTS_0_enter_DefaultMode_from_RESET();
  26   1              PORTS_1_enter_DefaultMode_from_RESET();
  27   1              PBCFG_0_enter_DefaultMode_from_RESET();
  28   1              ADC_0_enter_DefaultMode_from_RESET();
  29   1              VREF_0_enter_DefaultMode_from_RESET();
  30   1              CLOCK_0_enter_DefaultMode_from_RESET();
  31   1              TIMER01_0_enter_DefaultMode_from_RESET();
  32   1              TIMER16_2_enter_DefaultMode_from_RESET();
  33   1              TIMER_SETUP_0_enter_DefaultMode_from_RESET();
  34   1              UART_0_enter_DefaultMode_from_RESET();
  35   1              INTERRUPT_0_enter_DefaultMode_from_RESET();
  36   1              // [Config Calls]$
  37   1      
  38   1      }
  39          
  40          //================================================================================
  41          // WDT_0_enter_DefaultMode_from_RESET
  42          //================================================================================
  43          extern void WDT_0_enter_DefaultMode_from_RESET(void) {
  44   1              // $[WDTCN - Watchdog Timer Control]
  45   1              //Disable Watchdog with key sequence
  46   1              WDTCN = 0xDE; //First key
  47   1              WDTCN = 0xAD; //Second key
  48   1              // [WDTCN - Watchdog Timer Control]$
  49   1      
C51 COMPILER V9.53.0.0   INITDEVICE                                                        04/20/2017 20:03:36 PAGE 2   

  50   1      }
  51          
  52          //================================================================================
  53          // PORTS_0_enter_DefaultMode_from_RESET
  54          //================================================================================
  55          extern void PORTS_0_enter_DefaultMode_from_RESET(void) {
  56   1              // $[P0 - Port 0 Pin Latch]
  57   1              // [P0 - Port 0 Pin Latch]$
  58   1      
  59   1              // $[P0MDOUT - Port 0 Output Mode]
  60   1              /***********************************************************************
  61   1               - P0.0 output is open-drain
  62   1               - P0.1 output is open-drain
  63   1               - P0.2 output is open-drain
  64   1               - P0.3 output is open-drain
  65   1               - P0.4 output is push-pull
  66   1               - P0.5 output is open-drain
  67   1               - P0.6 output is open-drain
  68   1               - P0.7 output is open-drain
  69   1               ***********************************************************************/
  70   1              P0MDOUT = P0MDOUT_B0__OPEN_DRAIN | P0MDOUT_B1__OPEN_DRAIN
  71   1                              | P0MDOUT_B2__OPEN_DRAIN | P0MDOUT_B3__OPEN_DRAIN
  72   1                              | P0MDOUT_B4__PUSH_PULL | P0MDOUT_B5__OPEN_DRAIN
  73   1                              | P0MDOUT_B6__OPEN_DRAIN | P0MDOUT_B7__OPEN_DRAIN;
  74   1              // [P0MDOUT - Port 0 Output Mode]$
  75   1      
  76   1              // $[P0MDIN - Port 0 Input Mode]
  77   1              /***********************************************************************
  78   1               - P0.0 pin is configured for analog mode
  79   1               - P0.1 pin is configured for analog mode
  80   1               - P0.2 pin is configured for digital mode
  81   1               - P0.3 pin is configured for digital mode
  82   1               - P0.4 pin is configured for digital mode
  83   1               - P0.5 pin is configured for digital mode
  84   1               - P0.6 pin is configured for digital mode
  85   1               - P0.7 pin is configured for digital mode
  86   1               ***********************************************************************/
  87   1              P0MDIN = P0MDIN_B0__ANALOG | P0MDIN_B1__ANALOG | P0MDIN_B2__DIGITAL
  88   1                              | P0MDIN_B3__DIGITAL | P0MDIN_B4__DIGITAL | P0MDIN_B5__DIGITAL
  89   1                              | P0MDIN_B6__DIGITAL | P0MDIN_B7__DIGITAL;
  90   1              // [P0MDIN - Port 0 Input Mode]$
  91   1      
  92   1              // $[P0SKIP - Port 0 Skip]
  93   1              /***********************************************************************
  94   1               - P0.0 pin is skipped by the crossbar
  95   1               - P0.1 pin is skipped by the crossbar
  96   1               - P0.2 pin is not skipped by the crossbar
  97   1               - P0.3 pin is not skipped by the crossbar
  98   1               - P0.4 pin is not skipped by the crossbar
  99   1               - P0.5 pin is not skipped by the crossbar
 100   1               - P0.6 pin is not skipped by the crossbar
 101   1               - P0.7 pin is not skipped by the crossbar
 102   1               ***********************************************************************/
 103   1              P0SKIP = P0SKIP_B0__SKIPPED | P0SKIP_B1__SKIPPED | P0SKIP_B2__NOT_SKIPPED
 104   1                              | P0SKIP_B3__NOT_SKIPPED | P0SKIP_B4__NOT_SKIPPED
 105   1                              | P0SKIP_B5__NOT_SKIPPED | P0SKIP_B6__NOT_SKIPPED
 106   1                              | P0SKIP_B7__NOT_SKIPPED;
 107   1              // [P0SKIP - Port 0 Skip]$
 108   1      
 109   1              // $[P0MASK - Port 0 Mask]
 110   1              // [P0MASK - Port 0 Mask]$
 111   1      
 112   1              // $[P0MAT - Port 0 Match]
C51 COMPILER V9.53.0.0   INITDEVICE                                                        04/20/2017 20:03:36 PAGE 3   

 113   1              // [P0MAT - Port 0 Match]$
 114   1      
 115   1      }
 116          
 117          //================================================================================
 118          // PORTS_1_enter_DefaultMode_from_RESET
 119          //================================================================================
 120          extern void PORTS_1_enter_DefaultMode_from_RESET(void) {
 121   1              // $[P1 - Port 1 Pin Latch]
 122   1              // [P1 - Port 1 Pin Latch]$
 123   1      
 124   1              // $[P1MDOUT - Port 1 Output Mode]
 125   1              /***********************************************************************
 126   1               - P1.0 output is open-drain
 127   1               - P1.1 output is open-drain
 128   1               - P1.2 output is open-drain
 129   1               - P1.3 output is open-drain
 130   1               - P1.4 output is push-pull
 131   1               - P1.5 output is open-drain
 132   1               - P1.6 output is open-drain
 133   1               - P1.7 output is open-drain
 134   1               ***********************************************************************/
 135   1              P1MDOUT = P1MDOUT_B0__OPEN_DRAIN | P1MDOUT_B1__OPEN_DRAIN
 136   1                              | P1MDOUT_B2__OPEN_DRAIN | P1MDOUT_B3__OPEN_DRAIN
 137   1                              | P1MDOUT_B4__PUSH_PULL | P1MDOUT_B5__OPEN_DRAIN
 138   1                              | P1MDOUT_B6__OPEN_DRAIN | P1MDOUT_B7__OPEN_DRAIN;
 139   1              // [P1MDOUT - Port 1 Output Mode]$
 140   1      
 141   1              // $[P1MDIN - Port 1 Input Mode]
 142   1              /***********************************************************************
 143   1               - P1.0 pin is configured for digital mode
 144   1               - P1.1 pin is configured for digital mode
 145   1               - P1.2 pin is configured for digital mode
 146   1               - P1.3 pin is configured for digital mode
 147   1               - P1.4 pin is configured for digital mode
 148   1               - P1.5 pin is configured for digital mode
 149   1               - P1.6 pin is configured for digital mode
 150   1               - P1.7 pin is configured for analog mode
 151   1               ***********************************************************************/
 152   1              P1MDIN = P1MDIN_B0__DIGITAL | P1MDIN_B1__DIGITAL | P1MDIN_B2__DIGITAL
 153   1                              | P1MDIN_B3__DIGITAL | P1MDIN_B4__DIGITAL | P1MDIN_B5__DIGITAL
 154   1                              | P1MDIN_B6__DIGITAL | P1MDIN_B7__ANALOG;
 155   1              // [P1MDIN - Port 1 Input Mode]$
 156   1      
 157   1              // $[P1SKIP - Port 1 Skip]
 158   1              /***********************************************************************
 159   1               - P1.0 pin is not skipped by the crossbar
 160   1               - P1.1 pin is not skipped by the crossbar
 161   1               - P1.2 pin is not skipped by the crossbar
 162   1               - P1.3 pin is not skipped by the crossbar
 163   1               - P1.4 pin is skipped by the crossbar
 164   1               - P1.5 pin is not skipped by the crossbar
 165   1               - P1.6 pin is not skipped by the crossbar
 166   1               - P1.7 pin is skipped by the crossbar
 167   1               ***********************************************************************/
 168   1              P1SKIP = P1SKIP_B0__NOT_SKIPPED | P1SKIP_B1__NOT_SKIPPED
 169   1                              | P1SKIP_B2__NOT_SKIPPED | P1SKIP_B3__NOT_SKIPPED
 170   1                              | P1SKIP_B4__SKIPPED | P1SKIP_B5__NOT_SKIPPED
 171   1                              | P1SKIP_B6__NOT_SKIPPED | P1SKIP_B7__SKIPPED;
 172   1              // [P1SKIP - Port 1 Skip]$
 173   1      
 174   1              // $[P1MASK - Port 1 Mask]
 175   1              // [P1MASK - Port 1 Mask]$
C51 COMPILER V9.53.0.0   INITDEVICE                                                        04/20/2017 20:03:36 PAGE 4   

 176   1      
 177   1              // $[P1MAT - Port 1 Match]
 178   1              // [P1MAT - Port 1 Match]$
 179   1      
 180   1      }
 181          
 182          //================================================================================
 183          // PBCFG_0_enter_DefaultMode_from_RESET
 184          //================================================================================
 185          extern void PBCFG_0_enter_DefaultMode_from_RESET(void) {
 186   1              // $[XBR2 - Port I/O Crossbar 2]
 187   1              /***********************************************************************
 188   1               - Weak Pullups enabled 
 189   1               - Crossbar enabled
 190   1               ***********************************************************************/
 191   1              XBR2 = XBR2_WEAKPUD__PULL_UPS_ENABLED | XBR2_XBARE__ENABLED;
 192   1              // [XBR2 - Port I/O Crossbar 2]$
 193   1      
 194   1              // $[PRTDRV - Port Drive Strength]
 195   1              // [PRTDRV - Port Drive Strength]$
 196   1      
 197   1              // $[XBR0 - Port I/O Crossbar 0]
 198   1              /***********************************************************************
 199   1               - UART TX, RX routed to Port pins P0.4 and P0.5
 200   1               - SPI I/O unavailable at Port pins
 201   1               - SMBus 0 I/O unavailable at Port pins
 202   1               - CP0 unavailable at Port pin
 203   1               - Asynchronous CP0 unavailable at Port pin
 204   1               - CP1 unavailable at Port pin
 205   1               - Asynchronous CP1 unavailable at Port pin
 206   1               - SYSCLK unavailable at Port pin
 207   1               ***********************************************************************/
 208   1              XBR0 = XBR0_URT0E__ENABLED | XBR0_SPI0E__DISABLED | XBR0_SMB0E__DISABLED
 209   1                              | XBR0_CP0E__DISABLED | XBR0_CP0AE__DISABLED | XBR0_CP1E__DISABLED
 210   1                              | XBR0_CP1AE__DISABLED | XBR0_SYSCKE__DISABLED;
 211   1              // [XBR0 - Port I/O Crossbar 0]$
 212   1      
 213   1              // $[XBR1 - Port I/O Crossbar 1]
 214   1              // [XBR1 - Port I/O Crossbar 1]$
 215   1      
 216   1      }
 217          
 218          //================================================================================
 219          // ADC_0_enter_DefaultMode_from_RESET
 220          //================================================================================
 221          extern void ADC_0_enter_DefaultMode_from_RESET(void) {
 222   1              // $[ADC0CN1 - ADC0 Control 1]
 223   1              // [ADC0CN1 - ADC0 Control 1]$
 224   1      
 225   1              // $[ADC0MX - ADC0 Multiplexer Selection]
 226   1              /***********************************************************************
 227   1               - Select ADC0.0
 228   1               ***********************************************************************/
 229   1              ADC0MX = ADC0MX_ADC0MX__ADC0P0;
 230   1              // [ADC0MX - ADC0 Multiplexer Selection]$
 231   1      
 232   1              // $[ADC0CF - ADC0 Configuration]
 233   1              /***********************************************************************
 234   1               - SAR Clock Divider = 0x1F
 235   1               - ADC0 operates in 8-bit mode
 236   1               - The on-chip PGA gain is 1
 237   1               - Normal Track Mode
 238   1               ***********************************************************************/
C51 COMPILER V9.53.0.0   INITDEVICE                                                        04/20/2017 20:03:36 PAGE 5   

 239   1              ADC0CF = (0x1F << ADC0CF_ADSC__SHIFT) | ADC0CF_AD8BE__8_BIT
 240   1                              | ADC0CF_ADGN__GAIN_1 | ADC0CF_ADTM__TRACK_NORMAL;
 241   1              // [ADC0CF - ADC0 Configuration]$
 242   1      
 243   1              // $[ADC0AC - ADC0 Accumulator Configuration]
 244   1              // [ADC0AC - ADC0 Accumulator Configuration]$
 245   1      
 246   1              // $[ADC0TK - ADC0 Burst Mode Track Time]
 247   1              // [ADC0TK - ADC0 Burst Mode Track Time]$
 248   1      
 249   1              // $[ADC0PWR - ADC0 Power Control]
 250   1              // [ADC0PWR - ADC0 Power Control]$
 251   1      
 252   1              // $[ADC0GTH - ADC0 Greater-Than High Byte]
 253   1              // [ADC0GTH - ADC0 Greater-Than High Byte]$
 254   1      
 255   1              // $[ADC0GTL - ADC0 Greater-Than Low Byte]
 256   1              // [ADC0GTL - ADC0 Greater-Than Low Byte]$
 257   1      
 258   1              // $[ADC0LTH - ADC0 Less-Than High Byte]
 259   1              // [ADC0LTH - ADC0 Less-Than High Byte]$
 260   1      
 261   1              // $[ADC0LTL - ADC0 Less-Than Low Byte]
 262   1              // [ADC0LTL - ADC0 Less-Than Low Byte]$
 263   1      
 264   1              // $[ADC0CN0 - ADC0 Control 0]
 265   1              /***********************************************************************
 266   1               - Enable ADC0 
 267   1               - ADC0 conversion initiated on overflow of Timer 2
 268   1               ***********************************************************************/
 269   1              ADC0CN0 &= ~ADC0CN0_ADCM__FMASK;
 270   1              ADC0CN0 |= ADC0CN0_ADEN__ENABLED | ADC0CN0_ADCM__TIMER2;
 271   1              // [ADC0CN0 - ADC0 Control 0]$
 272   1      
 273   1      }
 274          
 275          //================================================================================
 276          // VREF_0_enter_DefaultMode_from_RESET
 277          //================================================================================
 278          extern void VREF_0_enter_DefaultMode_from_RESET(void) {
 279   1              // $[REF0CN - Voltage Reference Control]
 280   1              /***********************************************************************
 281   1               - Disable the Temperature Sensor
 282   1               - The ADC0 ground reference is the P0.1/AGND pin
 283   1               - The internal reference operates at 2.4 V nominal
 284   1               - The ADC0 voltage reference is the internal voltage reference
 285   1               ***********************************************************************/
 286   1              REF0CN = REF0CN_TEMPE__TEMP_DISABLED | REF0CN_GNDSL__AGND_PIN
 287   1                              | REF0CN_IREFLVL__2P4 | REF0CN_REFSL__INTERNAL_VREF;
 288   1              // [REF0CN - Voltage Reference Control]$
 289   1      
 290   1      }
 291          
 292          //================================================================================
 293          // CLOCK_0_enter_DefaultMode_from_RESET
 294          //================================================================================
 295          extern void CLOCK_0_enter_DefaultMode_from_RESET(void) {
 296   1              // $[CLKSEL - Clock Select]
 297   1              /***********************************************************************
 298   1               - Clock derived from the Internal High-Frequency Oscillator
 299   1               - SYSCLK is equal to selected clock source divided by 1
 300   1               ***********************************************************************/
 301   1              CLKSEL = CLKSEL_CLKSL__HFOSC | CLKSEL_CLKDIV__SYSCLK_DIV_1;
C51 COMPILER V9.53.0.0   INITDEVICE                                                        04/20/2017 20:03:36 PAGE 6   

 302   1              // [CLKSEL - Clock Select]$
 303   1      
 304   1      }
 305          
 306          //================================================================================
 307          // TIMER01_0_enter_DefaultMode_from_RESET
 308          //================================================================================
 309          extern void TIMER01_0_enter_DefaultMode_from_RESET(void) {
 310   1              // $[Timer Initialization]
 311   1              //Save Timer Configuration
 312   1              uint8_t TCON_save;
 313   1              TCON_save = TCON;
 314   1              //Stop Timers
 315   1              TCON &= ~TCON_TR0__BMASK & ~TCON_TR1__BMASK;
 316   1      
 317   1              // [Timer Initialization]$
 318   1      
 319   1              // $[TH0 - Timer 0 High Byte]
 320   1              // [TH0 - Timer 0 High Byte]$
 321   1      
 322   1              // $[TL0 - Timer 0 Low Byte]
 323   1              // [TL0 - Timer 0 Low Byte]$
 324   1      
 325   1              // $[TH1 - Timer 1 High Byte]
 326   1              /***********************************************************************
 327   1               - Timer 1 High Byte = 0x96
 328   1               ***********************************************************************/
 329   1              TH1 = (0x96 << TH1_TH1__SHIFT);
 330   1              // [TH1 - Timer 1 High Byte]$
 331   1      
 332   1              // $[TL1 - Timer 1 Low Byte]
 333   1              // [TL1 - Timer 1 Low Byte]$
 334   1      
 335   1              // $[Timer Restoration]
 336   1              //Restore Timer Configuration
 337   1              TCON |= (TCON_save & TCON_TR0__BMASK) | (TCON_save & TCON_TR1__BMASK);
 338   1      
 339   1              // [Timer Restoration]$
 340   1      
 341   1      }
 342          
 343          //================================================================================
 344          // TIMER16_2_enter_DefaultMode_from_RESET
 345          //================================================================================
 346          extern void TIMER16_2_enter_DefaultMode_from_RESET(void) {
 347   1              // $[Timer Initialization]
 348   1              // Save Timer Configuration
 349   1              uint8_t TMR2CN0_TR2_save;
 350   1              TMR2CN0_TR2_save = TMR2CN0 & TMR2CN0_TR2__BMASK;
 351   1              // Stop Timer
 352   1              TMR2CN0 &= ~(TMR2CN0_TR2__BMASK);
 353   1              // [Timer Initialization]$
 354   1      
 355   1              // $[TMR2CN0 - Timer 2 Control]
 356   1              // [TMR2CN0 - Timer 2 Control]$
 357   1      
 358   1              // $[TMR2H - Timer 2 High Byte]
 359   1              // [TMR2H - Timer 2 High Byte]$
 360   1      
 361   1              // $[TMR2L - Timer 2 Low Byte]
 362   1              // [TMR2L - Timer 2 Low Byte]$
 363   1      
 364   1              // $[TMR2RLH - Timer 2 Reload High Byte]
C51 COMPILER V9.53.0.0   INITDEVICE                                                        04/20/2017 20:03:36 PAGE 7   

 365   1              /***********************************************************************
 366   1               - Timer 2 Reload High Byte = 0xFF
 367   1               ***********************************************************************/
 368   1              TMR2RLH = (0xFF << TMR2RLH_TMR2RLH__SHIFT);
 369   1              // [TMR2RLH - Timer 2 Reload High Byte]$
 370   1      
 371   1              // $[TMR2RLL - Timer 2 Reload Low Byte]
 372   1              /***********************************************************************
 373   1               - Timer 2 Reload Low Byte = 0x34
 374   1               ***********************************************************************/
 375   1              TMR2RLL = (0x34 << TMR2RLL_TMR2RLL__SHIFT);
 376   1              // [TMR2RLL - Timer 2 Reload Low Byte]$
 377   1      
 378   1              // $[TMR2CN0]
 379   1              /***********************************************************************
 380   1               - Start Timer 2 running
 381   1               ***********************************************************************/
 382   1              TMR2CN0 |= TMR2CN0_TR2__RUN;
 383   1              // [TMR2CN0]$
 384   1      
 385   1              // $[Timer Restoration]
 386   1              // Restore Timer Configuration
 387   1              TMR2CN0 |= TMR2CN0_TR2_save;
 388   1              // [Timer Restoration]$
 389   1      
 390   1      }
 391          
 392          //================================================================================
 393          // TIMER_SETUP_0_enter_DefaultMode_from_RESET
 394          //================================================================================
 395          extern void TIMER_SETUP_0_enter_DefaultMode_from_RESET(void) {
 396   1              // $[CKCON0 - Clock Control 0]
 397   1              /***********************************************************************
 398   1               - System clock divided by 12
 399   1               - Counter/Timer 0 uses the clock defined by the prescale field, SCA
 400   1               - Timer 2 high byte uses the clock defined by T2XCLK in TMR2CN0
 401   1               - Timer 2 low byte uses the clock defined by T2XCLK in TMR2CN0
 402   1               - Timer 3 high byte uses the clock defined by T3XCLK in TMR3CN0
 403   1               - Timer 3 low byte uses the clock defined by T3XCLK in TMR3CN0
 404   1               - Timer 1 uses the system clock
 405   1               ***********************************************************************/
 406   1              CKCON0 = CKCON0_SCA__SYSCLK_DIV_12 | CKCON0_T0M__PRESCALE
 407   1                              | CKCON0_T2MH__EXTERNAL_CLOCK | CKCON0_T2ML__EXTERNAL_CLOCK
 408   1                              | CKCON0_T3MH__EXTERNAL_CLOCK | CKCON0_T3ML__EXTERNAL_CLOCK
 409   1                              | CKCON0_T1M__SYSCLK;
 410   1              // [CKCON0 - Clock Control 0]$
 411   1      
 412   1              // $[TMOD - Timer 0/1 Mode]
 413   1              /***********************************************************************
 414   1               - Mode 0, 13-bit Counter/Timer
 415   1               - Mode 2, 8-bit Counter/Timer with Auto-Reload
 416   1               - Timer Mode
 417   1               - Timer 0 enabled when TR0 = 1 irrespective of INT0 logic level
 418   1               - Timer Mode
 419   1               - Timer 1 enabled when TR1 = 1 irrespective of INT1 logic level
 420   1               ***********************************************************************/
 421   1              TMOD = TMOD_T0M__MODE0 | TMOD_T1M__MODE2 | TMOD_CT0__TIMER
 422   1                              | TMOD_GATE0__DISABLED | TMOD_CT1__TIMER | TMOD_GATE1__DISABLED;
 423   1              // [TMOD - Timer 0/1 Mode]$
 424   1      
 425   1              // $[TCON - Timer 0/1 Control]
 426   1              /***********************************************************************
 427   1               - Start Timer 1 running
C51 COMPILER V9.53.0.0   INITDEVICE                                                        04/20/2017 20:03:36 PAGE 8   

 428   1               ***********************************************************************/
 429   1              TCON |= TCON_TR1__RUN;
 430   1              // [TCON - Timer 0/1 Control]$
 431   1      
 432   1      }
 433          
 434          //================================================================================
 435          // UART_0_enter_DefaultMode_from_RESET
 436          //================================================================================
 437          extern void UART_0_enter_DefaultMode_from_RESET(void) {
 438   1              // $[SCON0 - UART0 Serial Port Control]
 439   1              /***********************************************************************
 440   1               - UART0 reception enabled
 441   1               ***********************************************************************/
 442   1              SCON0 |= SCON0_REN__RECEIVE_ENABLED;
 443   1              // [SCON0 - UART0 Serial Port Control]$
 444   1      
 445   1      }
 446          
 447          //================================================================================
 448          // INTERRUPT_0_enter_DefaultMode_from_RESET
 449          //================================================================================
 450          extern void INTERRUPT_0_enter_DefaultMode_from_RESET(void) {
 451   1              // $[EIE1 - Extended Interrupt Enable 1]
 452   1              /***********************************************************************
 453   1               - Enable interrupt requests generated by the ADINT flag
 454   1               - Disable ADC0 Window Comparison interrupt
 455   1               - Disable CP0 interrupts
 456   1               - Disable CP1 interrupts
 457   1               - Disable all Port Match interrupts
 458   1               - Disable all PCA0 interrupts
 459   1               - Disable all SMB0 interrupts
 460   1               - Disable Timer 3 interrupts
 461   1               ***********************************************************************/
 462   1              EIE1 = EIE1_EADC0__ENABLED | EIE1_EWADC0__DISABLED | EIE1_ECP0__DISABLED
 463   1                              | EIE1_ECP1__DISABLED | EIE1_EMAT__DISABLED | EIE1_EPCA0__DISABLED
 464   1                              | EIE1_ESMB0__DISABLED | EIE1_ET3__DISABLED;
 465   1              // [EIE1 - Extended Interrupt Enable 1]$
 466   1      
 467   1              // $[EIP1 - Extended Interrupt Priority 1]
 468   1              // [EIP1 - Extended Interrupt Priority 1]$
 469   1      
 470   1              // $[IE - Interrupt Enable]
 471   1              /***********************************************************************
 472   1               - Enable each interrupt according to its individual mask setting
 473   1               - Disable external interrupt 0
 474   1               - Disable external interrupt 1
 475   1               - Disable all SPI0 interrupts
 476   1               - Disable all Timer 0 interrupt
 477   1               - Disable all Timer 1 interrupt
 478   1               - Disable Timer 2 interrupt
 479   1               - Enable UART0 interrupt
 480   1               ***********************************************************************/
 481   1              IE = IE_EA__ENABLED | IE_EX0__DISABLED | IE_EX1__DISABLED
 482   1                              | IE_ESPI0__DISABLED | IE_ET0__DISABLED | IE_ET1__DISABLED
 483   1                              | IE_ET2__DISABLED | IE_ES0__ENABLED;
 484   1              // [IE - Interrupt Enable]$
 485   1      
 486   1              // $[IP - Interrupt Priority]
 487   1              /***********************************************************************
 488   1               - External Interrupt 0 set to low priority level
 489   1               - External Interrupt 1 set to low priority level
 490   1               - SPI0 interrupt set to low priority level
C51 COMPILER V9.53.0.0   INITDEVICE                                                        04/20/2017 20:03:36 PAGE 9   

 491   1               - Timer 0 interrupt set to low priority level
 492   1               - Timer 1 interrupt set to low priority level
 493   1               - Timer 2 interrupt set to low priority level
 494   1               - UART0 interrupt set to high priority level
 495   1               ***********************************************************************/
 496   1              IP = IP_PX0__LOW | IP_PX1__LOW | IP_PSPI0__LOW | IP_PT0__LOW | IP_PT1__LOW
 497   1                              | IP_PT2__LOW | IP_PS0__HIGH;
 498   1              // [IP - Interrupt Priority]$
 499   1      
 500   1      }


MODULE INFORMATION:   STATIC OVERLAYABLE
   CODE SIZE        =    153    ----
   CONSTANT SIZE    =   ----    ----
   XDATA SIZE       =   ----    ----
   PDATA SIZE       =   ----    ----
   DATA SIZE        =   ----    ----
   IDATA SIZE       =   ----    ----
   BIT SIZE         =   ----    ----
   EDATA SIZE       =   ----    ----
   HDATA SIZE       =   ----    ----
   XDATA CONST SIZE =   ----    ----
   FAR CONST SIZE   =   ----    ----
END OF MODULE INFORMATION.


C51 COMPILATION COMPLETE.  0 WARNING(S),  0 ERROR(S)
