16:33:57 **** Build of configuration Keil 8051 v9.53 - debug for project EFM8BB1_SPI_Master ****
make all 
PATH=/c/SiliconLabs/SimplicityStudio/v4/developer/toolchains/keil_8051/9.53/BIN:/c/SiliconLabs/SimplicityStudio/v4/support/8051:/usr/bin:/c/SiliconLabs/SimplicityStudio/v4/features/com.silabs.external.java.windows.x86.feature_1.8.0.92/jre/bin/client:/c/SiliconLabs/SimplicityStudio/v4/features/com.silabs.external.java.windows.x86.feature_1.8.0.92/jre/bin:/c/SiliconLabs/SimplicityStudio/v4/features/com.silabs.external.java.windows.x86.feature_1.8.0.92/jre/lib/i386:/c/Python27:/c/Users/Alec/AppData/Local/atom/bin:%USERPROFILE%/AppData/Local/Microsoft/WindowsApps:.:/c/SiliconLabs/SimplicityStudio/v4
 
Building file: C:/SiliconLabs/SimplicityStudio/v4/developer/sdks/8051/v4.0.3/examples/EFM8BB1_SLSTK2020A/SPI/Master/src/EFM8BB1_SPI0_Master.c
Invoking: Keil 8051 Compiler
C51 "@src/EFM8BB1_SPI0_Master.__i" || test $? -lt 2

C51 COMPILER V9.53.0.0 - SN: Eval Version
COPYRIGHT Copyright (C) 2012 - 2014 ARM Ltd and ARM Germany GmbH. All rights reserved.

C51 COMPILATION COMPLETE.  0 WARNING(S),  0 ERROR(S)
Finished building: C:/SiliconLabs/SimplicityStudio/v4/developer/sdks/8051/v4.0.3/examples/EFM8BB1_SLSTK2020A/SPI/Master/src/EFM8BB1_SPI0_Master.c
 
Building file: C:/SiliconLabs/SimplicityStudio/v4/developer/sdks/8051/v4.0.3/examples/EFM8BB1_SLSTK2020A/SPI/Master/src/InitDevice.c
Invoking: Keil 8051 Compiler
C51 "@src/InitDevice.__i" || test $? -lt 2

C51 COMPILER V9.53.0.0 - SN: Eval Version
COPYRIGHT Copyright (C) 2012 - 2014 ARM Ltd and ARM Germany GmbH. All rights reserved.

C51 COMPILATION COMPLETE.  0 WARNING(S),  0 ERROR(S)
Finished building: C:/SiliconLabs/SimplicityStudio/v4/developer/sdks/8051/v4.0.3/examples/EFM8BB1_SLSTK2020A/SPI/Master/src/InitDevice.c
 
Building file: C:/SiliconLabs/SimplicityStudio/v4/developer/sdks/8051/v4.0.3/examples/EFM8BB1_SLSTK2020A/SPI/Master/src/Interrupts.c
Invoking: Keil 8051 Compiler
C51 "@src/Interrupts.__i" || test $? -lt 2

C51 COMPILER V9.53.0.0 - SN: Eval Version
COPYRIGHT Copyright (C) 2012 - 2014 ARM Ltd and ARM Germany GmbH. All rights reserved.

C51 COMPILATION COMPLETE.  0 WARNING(S),  0 ERROR(S)
Finished building: C:/SiliconLabs/SimplicityStudio/v4/developer/sdks/8051/v4.0.3/examples/EFM8BB1_SLSTK2020A/SPI/Master/src/Interrupts.c
 
Building target: EFM8BB1_SPI_Master.omf
Invoking: Keil 8051 Linker
LX51 "@EFM8BB1_SPI_Master.lnp" || test $? -lt 2

LX51 LINKER/LOCATER V4.66.30.0 - SN: Eval Version
COPYRIGHT ARM Germany GmbH 1995 - 2014
@EFM8BB1_SPI_Master.lnp "./src/EFM8BB1_SPI0_Master.OBJ",
"./src/InitDevice.OBJ",
"./src/Interrupts.OBJ"
TO "EFM8BB1_SPI_MASTER.OMF.CRBUILD" REMOVEUNUSED PRINT(.\EFM8BB1_SPI_Master.m51) PAGEWIDTH (120) PAGELENGTH (65) CLASSES( CODE(C:0x0 - C:0x1ffe), CONST(C:0x0 - C:0x1ffe), ECODE(C:0x0 - C:0x1ffe), HCONST(C:0x0 - C:0x1ffe), XDATA(X:0x0 - X:0xff), HDATA(X:0x0 - X:0xff))
******************************************************************************
* RESTRICTED VERSION WITH 0800H BYTE CODE SIZE LIMIT; USED: 022FH BYTE (27%) *
******************************************************************************

Program Size: data=26.1 xdata=0 const=0 code=615
LX51 RUN COMPLETE.  0 WARNING(S),  0 ERROR(S)
Finished building target: EFM8BB1_SPI_Master.omf

16:33:58 Build Finished (took 1s.65ms)

