16:38:11 **** Incremental Build of configuration Keil 8051 v9.53 - debug for project EFM8BB1_ADC_ExternalInput ****
make all 
PATH=/c/SiliconLabs/SimplicityStudio/v4/developer/toolchains/keil_8051/9.53/BIN:/c/SiliconLabs/SimplicityStudio/v4/support/8051:/usr/bin:/c/SiliconLabs/SimplicityStudio/v4/features/com.silabs.external.java.windows.x86.feature_1.8.0.92/jre/bin/client:/c/SiliconLabs/SimplicityStudio/v4/features/com.silabs.external.java.windows.x86.feature_1.8.0.92/jre/bin:/c/SiliconLabs/SimplicityStudio/v4/features/com.silabs.external.java.windows.x86.feature_1.8.0.92/jre/lib/i386:/c/Python27:/c/Users/Alec/AppData/Local/atom/bin:%USERPROFILE%/AppData/Local/Microsoft/WindowsApps:.:/c/SiliconLabs/SimplicityStudio/v4
 
Building file: C:/SiliconLabs/SimplicityStudio/v4/developer/sdks/8051/v4.0.3/examples/EFM8BB1_SLSTK2020A/ADC/ExternalInput/src/EFM8BB1_ADC_ExternalInput.c
Invoking: Keil 8051 Compiler
C51 "@src/EFM8BB1_ADC_ExternalInput.__i" || test $? -lt 2

C51 COMPILER V9.53.0.0 - SN: Eval Version
COPYRIGHT Copyright (C) 2012 - 2014 ARM Ltd and ARM Germany GmbH. All rights reserved.

C51 COMPILATION COMPLETE.  0 WARNING(S),  0 ERROR(S)
Finished building: C:/SiliconLabs/SimplicityStudio/v4/developer/sdks/8051/v4.0.3/examples/EFM8BB1_SLSTK2020A/ADC/ExternalInput/src/EFM8BB1_ADC_ExternalInput.c
 
Building file: C:/SiliconLabs/SimplicityStudio/v4/developer/sdks/8051/v4.0.3/examples/EFM8BB1_SLSTK2020A/ADC/ExternalInput/src/InitDevice.c
Invoking: Keil 8051 Compiler
C51 "@src/InitDevice.__i" || test $? -lt 2

C51 COMPILER V9.53.0.0 - SN: Eval Version
COPYRIGHT Copyright (C) 2012 - 2014 ARM Ltd and ARM Germany GmbH. All rights reserved.

C51 COMPILATION COMPLETE.  0 WARNING(S),  0 ERROR(S)
Finished building: C:/SiliconLabs/SimplicityStudio/v4/developer/sdks/8051/v4.0.3/examples/EFM8BB1_SLSTK2020A/ADC/ExternalInput/src/InitDevice.c
 
Building file: C:/SiliconLabs/SimplicityStudio/v4/developer/sdks/8051/v4.0.3/examples/EFM8BB1_SLSTK2020A/ADC/ExternalInput/src/Interrupts.c
Invoking: Keil 8051 Compiler
C51 "@src/Interrupts.__i" || test $? -lt 2

C51 COMPILER V9.53.0.0 - SN: Eval Version
COPYRIGHT Copyright (C) 2012 - 2014 ARM Ltd and ARM Germany GmbH. All rights reserved.

C51 COMPILATION COMPLETE.  0 WARNING(S),  0 ERROR(S)
Finished building: C:/SiliconLabs/SimplicityStudio/v4/developer/sdks/8051/v4.0.3/examples/EFM8BB1_SLSTK2020A/ADC/ExternalInput/src/Interrupts.c
 
Building file: C:/SiliconLabs/SimplicityStudio/v4/developer/sdks/8051/v4.0.3/examples/EFM8BB1_SLSTK2020A/ADC/ExternalInput/src/SILABS_STARTUP.A51
Invoking: Keil 8051 Assembler
AX51 "@src/SILABS_STARTUP.__ia" || test $? -lt 2

MACRO ASSEMBLER AX51 V3.12.0.0
COPYRIGHT KEIL ELEKTRONIK GmbH 2000 - 2013
"c:\SiliconLabs\SimplicityStudio\v4\developer\toolchains\keil_8051\9.53\BIN\AX51.exe" "C:\SiliconLabs\SimplicityStudio\v4\developer\sdks\8051\v4.0.3\examples\EFM8BB1_SLSTK2020A\ADC\ExternalInput\src\SILABS_STARTUP.A51" ERRORPRINT SET (SMALL) DEBUG MACRO NOMOD51 INCDIR(C:/SiliconLabs/SimplicityStudio/v4/developer/sdks/8051/v4.0.3//kits/common/drivers/efm8_retargetserial;C:/SiliconLabs/SimplicityStudio/v4/developer/sdks/8051/v4.0.3//Device/shared/si8051base;C:/SiliconLabs/SimplicityStudio/v4/developer/sdks/8051/v4.0.3//Device/EFM8BB1/inc) PRINT(.\src\SILABS_STARTUP.lst) COND SYMBOLS PAGEWIDTH (120) PAGELENGTH (65) OBJECT(.\src\SILABS_STARTUP.OBJ)


ASSEMBLY COMPLETE.  0 WARNING(S), 0 ERROR(S).

Finished building: C:/SiliconLabs/SimplicityStudio/v4/developer/sdks/8051/v4.0.3/examples/EFM8BB1_SLSTK2020A/ADC/ExternalInput/src/SILABS_STARTUP.A51
 
Building file: C:/SiliconLabs/SimplicityStudio/v4/developer/sdks/8051/v4.0.3/kits/common/drivers/efm8_retargetserial/retargetio.c
Invoking: Keil 8051 Compiler
C51 "@lib/bsp/efm8_retargetserial/retargetio.__i" || test $? -lt 2

C51 COMPILER V9.53.0.0 - SN: Eval Version
COPYRIGHT Copyright (C) 2012 - 2014 ARM Ltd and ARM Germany GmbH. All rights reserved.

C51 COMPILATION COMPLETE.  0 WARNING(S),  0 ERROR(S)
Finished building: C:/SiliconLabs/SimplicityStudio/v4/developer/sdks/8051/v4.0.3/kits/common/drivers/efm8_retargetserial/retargetio.c
 
Building file: C:/SiliconLabs/SimplicityStudio/v4/developer/sdks/8051/v4.0.3/kits/common/drivers/efm8_retargetserial/retargetserial.c
Invoking: Keil 8051 Compiler
C51 "@lib/bsp/efm8_retargetserial/retargetserial.__i" || test $? -lt 2

C51 COMPILER V9.53.0.0 - SN: Eval Version
COPYRIGHT Copyright (C) 2012 - 2014 ARM Ltd and ARM Germany GmbH. All rights reserved.

C51 COMPILATION COMPLETE.  0 WARNING(S),  0 ERROR(S)
Finished building: C:/SiliconLabs/SimplicityStudio/v4/developer/sdks/8051/v4.0.3/kits/common/drivers/efm8_retargetserial/retargetserial.c
 
Building target: EFM8BB1_ADC_ExternalInput.omf
Invoking: Keil 8051 Linker
LX51 "@EFM8BB1_ADC_ExternalInput.lnp" || test $? -lt 2

LX51 LINKER/LOCATER V4.66.30.0 - SN: Eval Version
COPYRIGHT ARM Germany GmbH 1995 - 2014
@EFM8BB1_ADC_ExternalInput.lnp "./lib/bsp/efm8_retargetserial/retargetio.OBJ",
"./lib/bsp/efm8_retargetserial/retargetserial.OBJ",
"./src/EFM8BB1_ADC_ExternalInput.OBJ",
"./src/InitDevice.OBJ",
"./src/Interrupts.OBJ",
"./src/SILABS_STARTUP.OBJ"
TO "EFM8BB1_ADC_EXTERNALINPUT.OMF.CRBUILD" REMOVEUNUSED PRINT(.\EFM8BB1_ADC_ExternalInput.m51) PAGEWIDTH (120) PAGELENGTH (65) CLASSES( CODE(C:0x0 - C:0x1ffe), CONST(C:0x0 - C:0x1ffe), ECODE(C:0x0 - C:0x1ffe), HCONST(C:0x0 - C:0x1ffe), XDATA(X:0x0 - X:0xff), HDATA(X:0x0 - X:0xff))
******************************************************************************
* RESTRICTED VERSION WITH 0800H BYTE CODE SIZE LIMIT; USED: 02A1H BYTE (32%) *
******************************************************************************

Program Size: data=112.0 xdata=0 const=0 code=1039
LX51 RUN COMPLETE.  0 WARNING(S),  0 ERROR(S)
Finished building target: EFM8BB1_ADC_ExternalInput.omf

16:38:13 Build Finished (took 2s.1ms)

