C51 COMPILER V9.53.0.0   RETARGETSERIAL                                                    04/11/2017 16:38:13 PAGE 1   


C51 COMPILER V9.53.0.0, COMPILATION OF MODULE RETARGETSERIAL
OBJECT MODULE PLACED IN .\lib\bsp\efm8_retargetserial\retargetserial.OBJ
COMPILER INVOKED BY: c:\SiliconLabs\SimplicityStudio\v4\developer\toolchains\keil_8051\9.53\BIN\C51.exe C:\SiliconLabs\S
                    -implicityStudio\v4\developer\sdks\8051\v4.0.3\kits\common\drivers\efm8_retargetserial\retargetserial.c OMF2 SMALL DEBUG 
                    -OBJECTEXTEND ROM(LARGE) WARNINGLEVEL(2) FLOATFUZZY(3) OPTIMIZE(8,SPEED) DEFINE(DEBUG=1) INTVECTOR(0X0000) INTPROMOTE INC
                    -DIR(C:\SiliconLabs\SimplicityStudio\v4\developer\sdks\8051\v4.0.3\examples\EFM8BB1_SLSTK2020A\ADC\ExternalInput\inc;C:/S
                    -iliconLabs/SimplicityStudio/v4/developer/sdks/8051/v4.0.3//kits/common/drivers/efm8_retargetserial;C:/SiliconLabs/Simpli
                    -cityStudio/v4/developer/sdks/8051/v4.0.3//Device/shared/si8051base;C:/SiliconLabs/SimplicityStudio/v4/developer/sdks/805
                    -1/v4.0.3//Device/EFM8BB1/inc) PRINT(.\lib\bsp\efm8_retargetserial\retargetserial.lst) COND PAGEWIDTH(120) PAGELENGTH(65)
                    - OBJECT(.\lib\bsp\efm8_retargetserial\retargetserial.OBJ)

line level    source

   1          /////////////////////////////////////////////////////////////////////////////
   2          // retargetserial.c
   3          /////////////////////////////////////////////////////////////////////////////
   4          
   5          /////////////////////////////////////////////////////////////////////////////
   6          // Includes
   7          /////////////////////////////////////////////////////////////////////////////
   8          
   9          #include "retargetserial.h"
  10          
  11          #if defined __C51__
  12          #include <reg51.h>
  13          
  14          #elif defined __ICC8051__
              #include <io8052.h>
              
              #endif
  18          
  19          /////////////////////////////////////////////////////////////////////////////
  20          // Functions
  21          /////////////////////////////////////////////////////////////////////////////
  22          
  23          #if defined __C51__
  24          
  25          char RETARGET_ReadChar ()  {
  26   1        char c;
  27   1      
  28   1        while (!RI);
  29   1        c = SBUF;
  30   1        RI = 0;
  31   1        return (c);
  32   1      }
  33          
  34          char RETARGET_WriteChar (char c)  {
  35   1        if (c == '\n')  {
  36   2          while (!TI);
  37   2          TI = 0;
  38   2          SBUF = '\r';
  39   2        }
  40   1        while (!TI);
  41   1        TI = 0;
  42   1        return (SBUF = c);
  43   1      }
  44          
  45          #elif defined __ICC8051__
              
              int RETARGET_ReadChar(void){
                while (!SCON_bit.RI);
                {
C51 COMPILER V9.53.0.0   RETARGETSERIAL                                                    04/11/2017 16:38:13 PAGE 2   

                  int c = SBUF;
                  SCON_bit.RI = 0;
                  return (c);
                }
              }
              
              int RETARGET_WriteChar(int c)  {
                if (c == '\n')  {
                  while (!SCON_bit.TI);
                  SCON_bit.TI = 0;
                  SBUF = '\r';
                }
                while (!SCON_bit.TI);
                SCON_bit.TI = 0;
                return (SBUF = c);
              }
              
              #endif


MODULE INFORMATION:   STATIC OVERLAYABLE
   CODE SIZE        =     27    ----
   CONSTANT SIZE    =   ----    ----
   XDATA SIZE       =   ----    ----
   PDATA SIZE       =   ----    ----
   DATA SIZE        =   ----    ----
   IDATA SIZE       =   ----    ----
   BIT SIZE         =   ----    ----
   EDATA SIZE       =   ----    ----
   HDATA SIZE       =   ----    ----
   XDATA CONST SIZE =   ----    ----
   FAR CONST SIZE   =   ----    ----
END OF MODULE INFORMATION.


C51 COMPILATION COMPLETE.  0 WARNING(S),  0 ERROR(S)
